<?xml version="1.0" encoding="UTF-8"?>
<beans xmlns="http://www.springframework.org/schema/beans"
       xmlns:xsi="http://www.w3.org/2001/XMLSchema-instance"
       xsi:schemaLocation="http://www.springframework.org/schema/beans http://www.springframework.org/schema/beans/spring-beans-4.2.xsd">

    <bean id="caseFeedbackPublisher" class="uk.gov.ons.ctp.sdx.message.impl.CaseFeedbackPublisherImpl"/>

    <bean id="caseFeedbackMessageListenerContainer" class="org.springframework.jms.listener.DefaultMessageListenerContainer">
        <property name="connectionFactory" ref="connectionFactory"/>
        <property name="destinationName" value="Case.Responses" />
        <property name="messageListener" ref="myMessageListener" />
        <property name="maxConcurrentConsumers" value="1" />
        <property name="concurrentConsumers" value="1" />
        <property name="receiveTimeout" value="5000" />
        <property name="recoveryInterval" value="60000" />
        <property name="autoStartup" value="true" />
    </bean>

    <bean id="myMessageListener" class="uk.gov.ons.ctp.sdx.utility.CaseBoundMessageListener"/>

</beans>

